0 info it worked if it ends with ok
1 verbose cli [ '/opt/nodejs/n/versions/node/7.2.1/bin/node',
1 verbose cli   '/opt/nodejs/n/versions/node/7.2.1/bin/npm',
1 verbose cli   'start' ]
2 info using npm@3.10.10
3 info using node@v7.2.1
4 verbose run-script [ 'prestart', 'start', 'poststart' ]
5 info lifecycle @~prestart: @
6 silly lifecycle @~prestart: no script for prestart, continuing
7 info lifecycle @~start: @
8 verbose lifecycle @~start: unsafe-perm in lifecycle true
9 verbose lifecycle @~start: PATH: /opt/nodejs/n/versions/node/7.2.1/lib/node_modules/npm/bin/node-gyp-bin:/home/leslie/MyProject/MyWeb/angular-basic/node_modules/.bin:/sbin/:/home/leslie/Work/Leslie/Shortcut:/opt/jdk/oracle/jdk1.7.0_45/bin:/opt/apache-maven-3.1.0/bin:/opt/bc3/bin/:/opt/Software/ProgrammingSoftware/Apache/apache-ant-1.9.2/bin:/home/leslie/Android/Sdk/tools:/home/leslie/Android/Sdk/platform-tools:/opt/apache-nutch-2.2.1/runtime/local/bin:/opt/hbase-0.90.4/bin:/home/leslie/Android/bin:/opt/groovy-2.4.3/bin:/usr/local/ruby-2.3.1/bin:/opt/nodejs/n/versions/node/7.2.1/bin:/usr/local/bin:/opt/solr-5.3.0/bin:/opt/nginx/sbin:/sbin/:/home/leslie/Work/Leslie/Shortcut:/opt/jdk/oracle/jdk1.7.0_45/bin:/opt/apache-maven-3.1.0/bin:/opt/bc3/bin/:/opt/Software/ProgrammingSoftware/Apache/apache-ant-1.9.2/bin:/home/leslie/Android/Sdk/tools:/home/leslie/Android/Sdk/platform-tools:/opt/apache-nutch-2.2.1/runtime/local/bin:/opt/hbase-0.90.4/bin:/home/leslie/Android/bin:/opt/groovy-2.4.3/bin:/usr/local/ruby-2.3.1/bin:/opt/nodejs/n/versions/node/7.2.1/bin:/usr/local/bin:/opt/solr-5.3.0/bin:/opt/nginx/sbin:/usr/local/sbin:/usr/local/bin:/usr/sbin:/usr/bin:/sbin:/bin:/usr/games:/usr/local/games:/snap/bin:/home/leslie/.rvm/bin:/home/leslie/.rvm/bin:/snap/bin:/home/leslie/.rvm/bin:/home/leslie/.rvm/bin
10 verbose lifecycle @~start: CWD: /home/leslie/MyProject/MyWeb/angular-basic
11 silly lifecycle @~start: Args: [ '-c', './bin/www' ]
12 silly lifecycle @~start: Returned: code: 143  signal: null
13 info lifecycle @~start: Failed to exec start script
14 verbose stack Error: @ start: `./bin/www`
14 verbose stack Exit status 143
14 verbose stack     at EventEmitter.<anonymous> (/opt/nodejs/n/versions/node/7.2.1/lib/node_modules/npm/lib/utils/lifecycle.js:255:16)
14 verbose stack     at emitTwo (events.js:106:13)
14 verbose stack     at EventEmitter.emit (events.js:191:7)
14 verbose stack     at ChildProcess.<anonymous> (/opt/nodejs/n/versions/node/7.2.1/lib/node_modules/npm/lib/utils/spawn.js:40:14)
14 verbose stack     at emitTwo (events.js:106:13)
14 verbose stack     at ChildProcess.emit (events.js:191:7)
14 verbose stack     at maybeClose (internal/child_process.js:885:16)
14 verbose stack     at Process.ChildProcess._handle.onexit (internal/child_process.js:226:5)
15 verbose pkgid @
16 verbose cwd /home/leslie/MyProject/MyWeb/angular-basic
17 error Linux 4.4.0-43-generic
18 error argv "/opt/nodejs/n/versions/node/7.2.1/bin/node" "/opt/nodejs/n/versions/node/7.2.1/bin/npm" "start"
19 error node v7.2.1
20 error npm  v3.10.10
21 error code ELIFECYCLE
22 error @ start: `./bin/www`
22 error Exit status 143
23 error Failed at the @ start script './bin/www'.
23 error Make sure you have the latest version of node.js and npm installed.
23 error If you do, this is most likely a problem with the  package,
23 error not with npm itself.
23 error Tell the author that this fails on your system:
23 error     ./bin/www
23 error You can get information on how to open an issue for this project with:
23 error     npm bugs
23 error Or if that isn't available, you can get their info via:
23 error     npm owner ls
23 error There is likely additional logging output above.
24 verbose exit [ 1, true ]
